0 info it worked if it ends with ok
1 verbose cli [ '/usr/local/bin/node', '/usr/local/bin/npm', 'publish' ]
2 info using npm@1.3.15
3 info using node@v0.11.9
4 verbose publish [ '.' ]
5 verbose cache add [ '.', null ]
6 verbose cache add name=undefined spec="." args=[".",null]
7 verbose parsed url { protocol: null,
7 verbose parsed url   slashes: null,
7 verbose parsed url   auth: null,
7 verbose parsed url   host: null,
7 verbose parsed url   port: null,
7 verbose parsed url   hostname: null,
7 verbose parsed url   hash: null,
7 verbose parsed url   search: null,
7 verbose parsed url   query: null,
7 verbose parsed url   pathname: '.',
7 verbose parsed url   path: '.',
7 verbose parsed url   href: '.' }
8 silly lockFile 3a52ce78- .
9 verbose lock . /Users/tj/.npm/3a52ce78-.lock
10 verbose tar pack [ '/var/folders/jm/j__b36sn04n5__scnnw6bpzr0000gn/T/npm-37688-CzFsOth6/1398356063782-0.37192067317664623/tmp.tgz',
10 verbose tar pack   '.' ]
11 verbose tarball /var/folders/jm/j__b36sn04n5__scnnw6bpzr0000gn/T/npm-37688-CzFsOth6/1398356063782-0.37192067317664623/tmp.tgz
12 verbose folder .
13 info prepublish koa-statsd@0.0.1
14 silly lockFile 1f1177db-tar tar://.
15 verbose lock tar://. /Users/tj/.npm/1f1177db-tar.lock
16 silly lockFile 397016a1-3782-0-37192067317664623-tmp-tgz tar:///var/folders/jm/j__b36sn04n5__scnnw6bpzr0000gn/T/npm-37688-CzFsOth6/1398356063782-0.37192067317664623/tmp.tgz
17 verbose lock tar:///var/folders/jm/j__b36sn04n5__scnnw6bpzr0000gn/T/npm-37688-CzFsOth6/1398356063782-0.37192067317664623/tmp.tgz /Users/tj/.npm/397016a1-3782-0-37192067317664623-tmp-tgz.lock
18 silly lockFile 1f1177db-tar tar://.
19 silly lockFile 1f1177db-tar tar://.
20 silly lockFile 397016a1-3782-0-37192067317664623-tmp-tgz tar:///var/folders/jm/j__b36sn04n5__scnnw6bpzr0000gn/T/npm-37688-CzFsOth6/1398356063782-0.37192067317664623/tmp.tgz
21 silly lockFile 397016a1-3782-0-37192067317664623-tmp-tgz tar:///var/folders/jm/j__b36sn04n5__scnnw6bpzr0000gn/T/npm-37688-CzFsOth6/1398356063782-0.37192067317664623/tmp.tgz
22 verbose tar unpack /var/folders/jm/j__b36sn04n5__scnnw6bpzr0000gn/T/npm-37688-CzFsOth6/1398356063782-0.37192067317664623/tmp.tgz
23 silly lockFile dc497580-3782-0-37192067317664623-package tar:///var/folders/jm/j__b36sn04n5__scnnw6bpzr0000gn/T/npm-37688-CzFsOth6/1398356063782-0.37192067317664623/package
24 verbose lock tar:///var/folders/jm/j__b36sn04n5__scnnw6bpzr0000gn/T/npm-37688-CzFsOth6/1398356063782-0.37192067317664623/package /Users/tj/.npm/dc497580-3782-0-37192067317664623-package.lock
25 silly lockFile 397016a1-3782-0-37192067317664623-tmp-tgz tar:///var/folders/jm/j__b36sn04n5__scnnw6bpzr0000gn/T/npm-37688-CzFsOth6/1398356063782-0.37192067317664623/tmp.tgz
26 verbose lock tar:///var/folders/jm/j__b36sn04n5__scnnw6bpzr0000gn/T/npm-37688-CzFsOth6/1398356063782-0.37192067317664623/tmp.tgz /Users/tj/.npm/397016a1-3782-0-37192067317664623-tmp-tgz.lock
27 silly gunzTarPerm modes [ '755', '644' ]
28 silly gunzTarPerm extractEntry package.json
29 silly gunzTarPerm extractEntry index.js
30 silly gunzTarPerm extractEntry Readme.md
31 silly lockFile dc497580-3782-0-37192067317664623-package tar:///var/folders/jm/j__b36sn04n5__scnnw6bpzr0000gn/T/npm-37688-CzFsOth6/1398356063782-0.37192067317664623/package
32 silly lockFile dc497580-3782-0-37192067317664623-package tar:///var/folders/jm/j__b36sn04n5__scnnw6bpzr0000gn/T/npm-37688-CzFsOth6/1398356063782-0.37192067317664623/package
33 silly lockFile 397016a1-3782-0-37192067317664623-tmp-tgz tar:///var/folders/jm/j__b36sn04n5__scnnw6bpzr0000gn/T/npm-37688-CzFsOth6/1398356063782-0.37192067317664623/tmp.tgz
34 silly lockFile 397016a1-3782-0-37192067317664623-tmp-tgz tar:///var/folders/jm/j__b36sn04n5__scnnw6bpzr0000gn/T/npm-37688-CzFsOth6/1398356063782-0.37192067317664623/tmp.tgz
35 verbose tar pack [ '/Users/tj/.npm/koa-statsd/0.0.1/package.tgz',
35 verbose tar pack   '/var/folders/jm/j__b36sn04n5__scnnw6bpzr0000gn/T/npm-37688-CzFsOth6/1398356063782-0.37192067317664623/package' ]
36 verbose tarball /Users/tj/.npm/koa-statsd/0.0.1/package.tgz
37 verbose folder /var/folders/jm/j__b36sn04n5__scnnw6bpzr0000gn/T/npm-37688-CzFsOth6/1398356063782-0.37192067317664623/package
38 silly lockFile dc497580-3782-0-37192067317664623-package tar:///var/folders/jm/j__b36sn04n5__scnnw6bpzr0000gn/T/npm-37688-CzFsOth6/1398356063782-0.37192067317664623/package
39 verbose lock tar:///var/folders/jm/j__b36sn04n5__scnnw6bpzr0000gn/T/npm-37688-CzFsOth6/1398356063782-0.37192067317664623/package /Users/tj/.npm/dc497580-3782-0-37192067317664623-package.lock
40 silly lockFile 60a468be-npm-koa-statsd-0-0-1-package-tgz tar:///Users/tj/.npm/koa-statsd/0.0.1/package.tgz
41 verbose lock tar:///Users/tj/.npm/koa-statsd/0.0.1/package.tgz /Users/tj/.npm/60a468be-npm-koa-statsd-0-0-1-package-tgz.lock
42 silly lockFile dc497580-3782-0-37192067317664623-package tar:///var/folders/jm/j__b36sn04n5__scnnw6bpzr0000gn/T/npm-37688-CzFsOth6/1398356063782-0.37192067317664623/package
43 silly lockFile dc497580-3782-0-37192067317664623-package tar:///var/folders/jm/j__b36sn04n5__scnnw6bpzr0000gn/T/npm-37688-CzFsOth6/1398356063782-0.37192067317664623/package
44 silly lockFile 60a468be-npm-koa-statsd-0-0-1-package-tgz tar:///Users/tj/.npm/koa-statsd/0.0.1/package.tgz
45 silly lockFile 60a468be-npm-koa-statsd-0-0-1-package-tgz tar:///Users/tj/.npm/koa-statsd/0.0.1/package.tgz
46 silly lockFile 75c5f3e3--tj-npm-koa-statsd-0-0-1-package /Users/tj/.npm/koa-statsd/0.0.1/package
47 verbose lock /Users/tj/.npm/koa-statsd/0.0.1/package /Users/tj/.npm/75c5f3e3--tj-npm-koa-statsd-0-0-1-package.lock
48 silly lockFile 75c5f3e3--tj-npm-koa-statsd-0-0-1-package /Users/tj/.npm/koa-statsd/0.0.1/package
49 silly lockFile 75c5f3e3--tj-npm-koa-statsd-0-0-1-package /Users/tj/.npm/koa-statsd/0.0.1/package
50 verbose tar unpack /Users/tj/.npm/koa-statsd/0.0.1/package.tgz
51 silly lockFile 6971092a--tj-npm-koa-statsd-0-0-1-package tar:///Users/tj/.npm/koa-statsd/0.0.1/package
52 verbose lock tar:///Users/tj/.npm/koa-statsd/0.0.1/package /Users/tj/.npm/6971092a--tj-npm-koa-statsd-0-0-1-package.lock
53 silly lockFile 60a468be-npm-koa-statsd-0-0-1-package-tgz tar:///Users/tj/.npm/koa-statsd/0.0.1/package.tgz
54 verbose lock tar:///Users/tj/.npm/koa-statsd/0.0.1/package.tgz /Users/tj/.npm/60a468be-npm-koa-statsd-0-0-1-package-tgz.lock
55 silly gunzTarPerm modes [ '755', '644' ]
56 silly gunzTarPerm extractEntry package.json
57 silly gunzTarPerm extractEntry index.js
58 silly gunzTarPerm extractEntry Readme.md
59 silly lockFile 6971092a--tj-npm-koa-statsd-0-0-1-package tar:///Users/tj/.npm/koa-statsd/0.0.1/package
60 silly lockFile 6971092a--tj-npm-koa-statsd-0-0-1-package tar:///Users/tj/.npm/koa-statsd/0.0.1/package
61 silly lockFile 60a468be-npm-koa-statsd-0-0-1-package-tgz tar:///Users/tj/.npm/koa-statsd/0.0.1/package.tgz
62 silly lockFile 60a468be-npm-koa-statsd-0-0-1-package-tgz tar:///Users/tj/.npm/koa-statsd/0.0.1/package.tgz
63 verbose chmod /Users/tj/.npm/koa-statsd/0.0.1/package.tgz 644
64 verbose chown /Users/tj/.npm/koa-statsd/0.0.1/package.tgz [ 501, 20 ]
65 silly lockFile 3a52ce78- .
66 silly lockFile 3a52ce78- .
67 silly publish { name: 'koa-statsd',
67 silly publish   description: 'Koa statsd middleware',
67 silly publish   repository: { type: 'git', url: 'git://github.com/koajs/statsd' },
67 silly publish   version: '0.0.1',
67 silly publish   keywords: [ 'koa', 'middleware', 'stats', 'statsd', 'statistics', 'metrics' ],
67 silly publish   files: [ 'index.js' ],
67 silly publish   devDependencies:
67 silly publish    { mocha: '*',
67 silly publish      supertest: '*',
67 silly publish      should: '*',
67 silly publish      koa: 'koajs/koa',
67 silly publish      'koa-route': '~1.1.1' },
67 silly publish   license: 'MIT',
67 silly publish   dependencies: { statsy: '^0.1.0' },
67 silly publish   scripts: { test: 'make test' },
67 silly publish   readme: '\n# koa-statsd\n\n Statsd middleware.\n\n## Installation\n\n```js\n$ npm install koa-statsd\n```\n\n## Options\n\n- `prefix` optional statsd prefix (\'.\' is appended)\n- `host` optional statsd host\n- `port` optional statsd port\n\n## Metrics\n\n- `request.count` request counter\n- `request.<method>.count` request counter\n- `request.size` request content-length\n- `request.duration` request duration\n- `request.<method>.duration` request duration\n- `request.addresses` request addresses set\n\n## License\n\n  MIT\n',
67 silly publish   readmeFilename: 'Readme.md',
67 silly publish   bugs: { url: 'https://github.com/koajs/statsd/issues' },
67 silly publish   homepage: 'https://github.com/koajs/statsd',
67 silly publish   _id: 'koa-statsd@0.0.1',
67 silly publish   dist: { shasum: '21758ea72c597e775e41169bc95b20181a1c7054' },
67 silly publish   _from: '.' }
68 verbose url raw koa-statsd
69 verbose url resolving [ 'https://registry.npmjs.org/', './koa-statsd' ]
70 verbose url resolved https://registry.npmjs.org/koa-statsd
71 info trying registry request attempt 1 at 09:14:23
72 http PUT https://registry.npmjs.org/koa-statsd
73 http 201 https://registry.npmjs.org/koa-statsd
74 verbose url raw koa-statsd
75 verbose url resolving [ 'https://registry.npmjs.org/', './koa-statsd' ]
76 verbose url resolved https://registry.npmjs.org/koa-statsd
77 info trying registry request attempt 1 at 09:14:24
78 http GET https://registry.npmjs.org/koa-statsd
79 http 200 https://registry.npmjs.org/koa-statsd
80 error publish fail Cannot publish over existing version.
80 error publish fail Update the 'version' field in package.json and try again.
80 error publish fail
80 error publish fail If the previous version was published in error, see:
80 error publish fail     npm help unpublish
80 error publish fail
80 error publish fail To automatically increment version numbers, see:
80 error publish fail     npm help version
81 error System Darwin 13.1.0
82 error command "/usr/local/bin/node" "/usr/local/bin/npm" "publish"
83 error cwd /Users/tj/dev/koajs/statsd
84 error node -v v0.11.9
85 error npm -v 1.3.15
86 error code EPUBLISHCONFLICT
87 verbose exit [ 1, true ]
